<?xml version="1.0" encoding="UTF-8"?>
<!-- Generated by org.testng.reporters.JUnitReportReporter -->
<testsuite name="TestsForInterview" tests="3" time="23.292" ignored="0" failures="0" timestamp="21 июн 2017 14:26:45 GMT" skipped="0" hostname="DESKTOP-MBQ9JP8" errors="0">
  <testcase name="tbFirstTest" time="16.585" classname="TestsForInterview"/>
  <testcase name="tbTTest" time="4.584" classname="TestsForInterview"/>
  <testcase name="tbSTest" time="2.123" classname="TestsForInterview"/>
</testsuite> <!-- TestsForInterview -->
